Using pre-set license
Built from '2020.2/release' branch; Version is '2020.2.2f1 (068178b99f32) revision 426360'; Using compiler version '192528614'; Build Type 'Release'
OS: 'Windows 10 Pro; OS build 19041.985; Version 2004; 64bit' Language: 'en' Physical Memory: 16297 MB
BatchMode: 1, IsHumanControllingUs: 0, StartBugReporterOnCrash: 0, Is64bit: 1, IsPro: 0

 COMMAND LINE ARGUMENTS:
C:\Program Files\Unity\Hub\Editor\2020.2.2f1\Editor\Unity.exe
-adb2
-batchMode
-noUpm
-name
AssetImportWorker0
-projectPath
T:/Unity/GitHub/Photo-Ops/Photo Ops
-logFile
Logs/AssetImportWorker0.log
-srvPort
60832
Successfully changed project path to: T:/Unity/GitHub/Photo-Ops/Photo Ops
T:/Unity/GitHub/Photo-Ops/Photo Ops
Using Asset Import Pipeline V2.
Refreshing native plugins compatible for Editor in 80.69 ms, found 0 plugins.
Preloading 0 native plugins for Editor in 0.00 ms.
Initialize engine version: 2020.2.2f1 (068178b99f32)
[Subsystems] Discovering subsystems at path C:/Program Files/Unity/Hub/Editor/2020.2.2f1/Editor/Data/Resources/UnitySubsystems
[Subsystems] Discovering subsystems at path T:/Unity/GitHub/Photo-Ops/Photo Ops/Assets
GfxDevice: creating device client; threaded=0
Direct3D:
    Version:  Direct3D 11.0 [level 11.1]
    Renderer: NVIDIA GeForce GTX 1050 Ti (ID=0x1c82)
    Vendor:   
    VRAM:     4018 MB
    Driver:   27.21.14.5671
Initialize mono
Mono path[0] = 'C:/Program Files/Unity/Hub/Editor/2020.2.2f1/Editor/Data/Managed'
Mono path[1] = 'C:/Program Files/Unity/Hub/Editor/2020.2.2f1/Editor/Data/MonoBleedingEdge/lib/mono/unityjit'
Mono config path = 'C:/Program Files/Unity/Hub/Editor/2020.2.2f1/Editor/Data/MonoBleedingEdge/etc'
Using monoOptions --debugger-agent=transport=dt_socket,embedding=1,server=y,suspend=n,address=127.0.0.1:56568
Begin MonoManager ReloadAssembly
Registering precompiled unity dll's ...
Register platform support module: C:/Program Files/Unity/Hub/Editor/2020.2.2f1/Editor/Data/PlaybackEngines/WindowsStandaloneSupport/UnityEditor.WindowsStandalone.Extensions.dll
Registered in 0.002683 seconds.
Native extension for WindowsStandalone target not found
Refreshing native plugins compatible for Editor in 76.98 ms, found 0 plugins.
Preloading 0 native plugins for Editor in 0.00 ms.
Invoked RoslynAnalysisRunner static constructor.
RoslynAnalysisRunner will not be running.
RoslynAnalysisRunner has terminated.
Mono: successfully reloaded assembly
- Completed reload, in  1.310 seconds
Platform modules already initialized, skipping
Registering precompiled user dll's ...
Registered in 0.002178 seconds.
Begin MonoManager ReloadAssembly
Native extension for WindowsStandalone target not found
Refreshing native plugins compatible for Editor in 82.91 ms, found 0 plugins.
Preloading 0 native plugins for Editor in 0.00 ms.
Invoked RoslynAnalysisRunner static constructor.
RoslynAnalysisRunner will not be running.
RoslynAnalysisRunner has terminated.
Mono: successfully reloaded assembly
- Completed reload, in  1.381 seconds
Platform modules already initialized, skipping
========================================================================
Worker process is ready to serve import requests
Launched and connected shader compiler UnityShaderCompiler.exe after 0.10 seconds
Refreshing native plugins compatible for Editor in 0.62 ms, found 0 plugins.
Preloading 0 native plugins for Editor in 0.00 ms.
Unloading 3769 Unused Serialized files (Serialized files now loaded: 0)
System memory in use before: 183.0 MB.
System memory in use after: 183.1 MB.

Unloading 107 unused Assets to reduce memory usage. Loaded Objects now: 4205.
Total: 2.905700 ms (FindLiveObjects: 0.350000 ms CreateObjectMapping: 0.195400 ms MarkObjects: 2.148400 ms  DeleteObjects: 0.210900 ms)

========================================================================
Received Import Request.
  path: Assets/screenshots/screen_1920x907_2021-06-21_15-22-26.png
  artifactKey: Guid(726e37f43a71ae147bdaf9a5543f120f) Importer(815301076,1909f56bfc062723c751e8b465ee728b)
Start importing Assets/screenshots/screen_1920x907_2021-06-21_15-22-26.png using Guid(726e37f43a71ae147bdaf9a5543f120f) Importer(815301076,1909f56bfc062723c751e8b465ee728b)  -> (artifact id: '2e8c330e194d14b8cdf10385a795b234') in 0.097833 seconds
  Import took 0.103334 seconds .

========================================================================
Received Import Request.
  Time since last request: 0.000208 seconds.
  path: Assets/screenshots/screen_300x200_2021-06-21_15-22-09.png
  artifactKey: Guid(bb5934c7700bbf941bc334f4458a36fe) Importer(815301076,1909f56bfc062723c751e8b465ee728b)
Start importing Assets/screenshots/screen_300x200_2021-06-21_15-22-09.png using Guid(bb5934c7700bbf941bc334f4458a36fe) Importer(815301076,1909f56bfc062723c751e8b465ee728b)  -> (artifact id: 'fa5f6576e8a62821132b6a6a4fef33b6') in 0.011488 seconds
  Import took 0.016434 seconds .

========================================================================
Received Import Request.
  Time since last request: 0.000275 seconds.
  path: Assets/screenshots/screen_1920x907_2021-06-21_15-22-24.png
  artifactKey: Guid(f7932575ad76af545a144b5782c92461) Importer(815301076,1909f56bfc062723c751e8b465ee728b)
Start importing Assets/screenshots/screen_1920x907_2021-06-21_15-22-24.png using Guid(f7932575ad76af545a144b5782c92461) Importer(815301076,1909f56bfc062723c751e8b465ee728b)  -> (artifact id: '609abc462aca4b89d8c6d7e58d700fd5') in 0.011945 seconds
  Import took 0.016784 seconds .

========================================================================
Received Import Request.
  Time since last request: 0.000279 seconds.
  path: Assets/screenshots/screen_1920x907_2021-06-21_15-23-08.png
  artifactKey: Guid(3cbe635d64cb49b4dbf3454242626176) Importer(815301076,1909f56bfc062723c751e8b465ee728b)
Start importing Assets/screenshots/screen_1920x907_2021-06-21_15-23-08.png using Guid(3cbe635d64cb49b4dbf3454242626176) Importer(815301076,1909f56bfc062723c751e8b465ee728b)  -> (artifact id: '2152448418494a293c69d32fdbcdc170') in 0.009735 seconds
  Import took 0.015049 seconds .

========================================================================
Received Import Request.
  Time since last request: 0.000221 seconds.
  path: Assets/screenshots/screen_300x200_2021-06-21_15-22-10.png
  artifactKey: Guid(fd9449e5d355c8545997dea602c4b699) Importer(815301076,1909f56bfc062723c751e8b465ee728b)
Start importing Assets/screenshots/screen_300x200_2021-06-21_15-22-10.png using Guid(fd9449e5d355c8545997dea602c4b699) Importer(815301076,1909f56bfc062723c751e8b465ee728b)  -> (artifact id: 'f04918015d691bab153e0c79be2eb3b1') in 0.010481 seconds
  Import took 0.015519 seconds .

========================================================================
Received Import Request.
  Time since last request: 0.000199 seconds.
  path: Assets/screenshots/screen_426x240_2021-06-19_17-24-18.png
  artifactKey: Guid(6e5e643bf27666d4a8a532a3e45e3fdd) Importer(815301076,1909f56bfc062723c751e8b465ee728b)
Start importing Assets/screenshots/screen_426x240_2021-06-19_17-24-18.png using Guid(6e5e643bf27666d4a8a532a3e45e3fdd) Importer(815301076,1909f56bfc062723c751e8b465ee728b)  -> (artifact id: '8df0b91d0003bd0fb7f2ac209d452d49') in 0.009315 seconds
  Import took 0.014341 seconds .

========================================================================
Received Import Request.
  Time since last request: 0.000213 seconds.
  path: Assets/screenshots/screen_300x200_2021-06-21_15-19-34.png
  artifactKey: Guid(1ad457b1d3a2ca34aa109b57920a31ca) Importer(815301076,1909f56bfc062723c751e8b465ee728b)
Start importing Assets/screenshots/screen_300x200_2021-06-21_15-19-34.png using Guid(1ad457b1d3a2ca34aa109b57920a31ca) Importer(815301076,1909f56bfc062723c751e8b465ee728b)  -> (artifact id: '3e86f2244c83487544a16262d1e30dbd') in 0.009551 seconds
  Import took 0.014491 seconds .

========================================================================
Received Import Request.
  Time since last request: 0.000192 seconds.
  path: Assets/screenshots/screen_1920x907_2021-06-21_15-22-21.png
  artifactKey: Guid(171160f33884faf4a99102e8185dbcd8) Importer(815301076,1909f56bfc062723c751e8b465ee728b)
Start importing Assets/screenshots/screen_1920x907_2021-06-21_15-22-21.png using Guid(171160f33884faf4a99102e8185dbcd8) Importer(815301076,1909f56bfc062723c751e8b465ee728b)  -> (artifact id: '6eea1d639aafee50bf3e01ae08b89d53') in 0.009970 seconds
  Import took 0.014853 seconds .

========================================================================
Received Import Request.
  Time since last request: 0.000183 seconds.
  path: Assets/screenshots/screen_300x200_2021-06-21_15-22-17.png
  artifactKey: Guid(5dd8d2f9033bc984d96b59d7ce531e77) Importer(815301076,1909f56bfc062723c751e8b465ee728b)
Start importing Assets/screenshots/screen_300x200_2021-06-21_15-22-17.png using Guid(5dd8d2f9033bc984d96b59d7ce531e77) Importer(815301076,1909f56bfc062723c751e8b465ee728b)  -> (artifact id: 'c53945c6b73e8c58b065e9b079033520') in 0.008204 seconds
  Import took 0.013131 seconds .

========================================================================
Received Import Request.
  Time since last request: 0.000220 seconds.
  path: Assets/screenshots/screen_1920x907_2021-06-21_15-22-19.png
  artifactKey: Guid(4cefdc6e56c96bd44b4e02c126cffa79) Importer(815301076,1909f56bfc062723c751e8b465ee728b)
Start importing Assets/screenshots/screen_1920x907_2021-06-21_15-22-19.png using Guid(4cefdc6e56c96bd44b4e02c126cffa79) Importer(815301076,1909f56bfc062723c751e8b465ee728b)  -> (artifact id: '8cfdac609abd4a3ac7a84fff4086dfa2') in 0.008235 seconds
  Import took 0.013177 seconds .

========================================================================
Received Import Request.
  Time since last request: 0.000192 seconds.
  path: Assets/screenshots/screen_1920x907_2021-06-21_15-22-12.png
  artifactKey: Guid(a7f57aebc4c405b4ca247890ba8f117d) Importer(815301076,1909f56bfc062723c751e8b465ee728b)
Start importing Assets/screenshots/screen_1920x907_2021-06-21_15-22-12.png using Guid(a7f57aebc4c405b4ca247890ba8f117d) Importer(815301076,1909f56bfc062723c751e8b465ee728b)  -> (artifact id: '2c127e7bf1f01820a03958b11285de26') in 0.009025 seconds
  Import took 0.014105 seconds .

========================================================================
Received Import Request.
  Time since last request: 0.000197 seconds.
  path: Assets/screenshots/screen_1920x907_2021-06-21_15-22-14.png
  artifactKey: Guid(9e40b76c91d703f4d98f9e05ac267fd8) Importer(815301076,1909f56bfc062723c751e8b465ee728b)
Start importing Assets/screenshots/screen_1920x907_2021-06-21_15-22-14.png using Guid(9e40b76c91d703f4d98f9e05ac267fd8) Importer(815301076,1909f56bfc062723c751e8b465ee728b)  -> (artifact id: '6b597a49b2c6b41558ad7618aa122741') in 0.009747 seconds
  Import took 0.014722 seconds .

========================================================================
Received Import Request.
  Time since last request: 0.000188 seconds.
  path: Assets/screenshots/screen_1920x907_2021-06-21_15-23-04.png
  artifactKey: Guid(979173c273e09a64eb3834ed7c28474d) Importer(815301076,1909f56bfc062723c751e8b465ee728b)
Start importing Assets/screenshots/screen_1920x907_2021-06-21_15-23-04.png using Guid(979173c273e09a64eb3834ed7c28474d) Importer(815301076,1909f56bfc062723c751e8b465ee728b)  -> (artifact id: '456dc065619081f104867f444a0d9048') in 0.008631 seconds
  Import took 0.013735 seconds .

========================================================================
Received Import Request.
  Time since last request: 0.000192 seconds.
  path: Assets/screenshots/screen_1920x907_2021-06-21_15-22-59.png
  artifactKey: Guid(e07890ef702d1e84ca1780475c6cbc47) Importer(815301076,1909f56bfc062723c751e8b465ee728b)
Start importing Assets/screenshots/screen_1920x907_2021-06-21_15-22-59.png using Guid(e07890ef702d1e84ca1780475c6cbc47) Importer(815301076,1909f56bfc062723c751e8b465ee728b)  -> (artifact id: '990fbeb2d1cc5495c62ac7ca2e68f1b1') in 0.008842 seconds
  Import took 0.014197 seconds .

========================================================================
Received Import Request.
  Time since last request: 0.000179 seconds.
  path: Assets/screenshots/screen_1920x907_2021-06-21_15-23-09.png
  artifactKey: Guid(31aab12a82fddbd40b9b72167029f940) Importer(815301076,1909f56bfc062723c751e8b465ee728b)
Start importing Assets/screenshots/screen_1920x907_2021-06-21_15-23-09.png using Guid(31aab12a82fddbd40b9b72167029f940) Importer(815301076,1909f56bfc062723c751e8b465ee728b)  -> (artifact id: '46329e6c0221af136dc7b7037e9b0ed3') in 0.008512 seconds
  Import took 0.013690 seconds .

========================================================================
Received Import Request.
  Time since last request: 0.000240 seconds.
  path: Assets/screenshots/screen_1920x907_2021-06-21_15-22-23.png
  artifactKey: Guid(9bf68ce0c6f5bb540aa5a9747a019a7c) Importer(815301076,1909f56bfc062723c751e8b465ee728b)
Start importing Assets/screenshots/screen_1920x907_2021-06-21_15-22-23.png using Guid(9bf68ce0c6f5bb540aa5a9747a019a7c) Importer(815301076,1909f56bfc062723c751e8b465ee728b)  -> (artifact id: '9079c58333887c1648f1ee5cf29ffbf7') in 0.007970 seconds
  Import took 0.013262 seconds .

========================================================================
Received Import Request.
  Time since last request: 0.000226 seconds.
  path: Assets/screenshots/screen_300x200_2021-06-21_15-22-18.png
  artifactKey: Guid(1bbecae7dee0e8444883f061db1155e8) Importer(815301076,1909f56bfc062723c751e8b465ee728b)
Start importing Assets/screenshots/screen_300x200_2021-06-21_15-22-18.png using Guid(1bbecae7dee0e8444883f061db1155e8) Importer(815301076,1909f56bfc062723c751e8b465ee728b)  -> (artifact id: '84e89e2bcc518aceb3443b55ad91dea6') in 0.007782 seconds
  Import took 0.012973 seconds .

========================================================================
Received Import Request.
  Time since last request: 0.000194 seconds.
  path: Assets/screenshots/screen_1920x907_2021-06-21_15-22-13.png
  artifactKey: Guid(e3479bd3331322f4daf8720984ea68b1) Importer(815301076,1909f56bfc062723c751e8b465ee728b)
Start importing Assets/screenshots/screen_1920x907_2021-06-21_15-22-13.png using Guid(e3479bd3331322f4daf8720984ea68b1) Importer(815301076,1909f56bfc062723c751e8b465ee728b)  -> (artifact id: '7a31112ed4c29f48019318663194193e') in 0.008932 seconds
  Import took 0.013793 seconds .

========================================================================
Received Import Request.
  Time since last request: 0.000157 seconds.
  path: Assets/screenshots/screen_1920x907_2021-06-21_15-22-29.png
  artifactKey: Guid(62726ee21457754429204635b80912b3) Importer(815301076,1909f56bfc062723c751e8b465ee728b)
Start importing Assets/screenshots/screen_1920x907_2021-06-21_15-22-29.png using Guid(62726ee21457754429204635b80912b3) Importer(815301076,1909f56bfc062723c751e8b465ee728b)  -> (artifact id: '2c020431bfcb174f777e7293ebe9089b') in 0.008760 seconds
  Import took 0.013510 seconds .

========================================================================
Received Import Request.
  Time since last request: 0.000156 seconds.
  path: Assets/screenshots/screen_1920x907_2021-06-21_15-22-20.png
  artifactKey: Guid(882b306e9159939498d1fea7d9c7a4e2) Importer(815301076,1909f56bfc062723c751e8b465ee728b)
Start importing Assets/screenshots/screen_1920x907_2021-06-21_15-22-20.png using Guid(882b306e9159939498d1fea7d9c7a4e2) Importer(815301076,1909f56bfc062723c751e8b465ee728b)  -> (artifact id: 'da8b4fbf5db40c98e5a080c1fecea3d0') in 0.008673 seconds
  Import took 0.013457 seconds .

========================================================================
Received Import Request.
  Time since last request: 0.000151 seconds.
  path: Assets/screenshots/screen_1920x907_2021-06-21_15-22-56.png
  artifactKey: Guid(4e79a6f1b9a7e3c4b9032153d4c8c385) Importer(815301076,1909f56bfc062723c751e8b465ee728b)
Start importing Assets/screenshots/screen_1920x907_2021-06-21_15-22-56.png using Guid(4e79a6f1b9a7e3c4b9032153d4c8c385) Importer(815301076,1909f56bfc062723c751e8b465ee728b)  -> (artifact id: 'bd2fd10533d5d60d06d5f49545ac5f2e') in 0.008246 seconds
  Import took 0.013225 seconds .

========================================================================
Received Import Request.
  Time since last request: 4.191765 seconds.
  path: Assets/screenshots/screen_300x200_2021-06-21_16-42-47.png
  artifactKey: Guid(1c0a235dab4548d4f91d522117f56e84) Importer(815301076,1909f56bfc062723c751e8b465ee728b)
Start importing Assets/screenshots/screen_300x200_2021-06-21_16-42-47.png using Guid(1c0a235dab4548d4f91d522117f56e84) Importer(815301076,1909f56bfc062723c751e8b465ee728b)  -> (artifact id: 'df790d3cb88f87bef40257fad251b746') in 0.014715 seconds
  Import took 0.021017 seconds .

========================================================================
Received Import Request.
  Time since last request: 0.000171 seconds.
  path: Assets/screenshots/screen_1920x907_2021-06-21_16-45-44.png
  artifactKey: Guid(244ed97cde1e1f843b9d5c362b1b12d1) Importer(815301076,1909f56bfc062723c751e8b465ee728b)
Start importing Assets/screenshots/screen_1920x907_2021-06-21_16-45-44.png using Guid(244ed97cde1e1f843b9d5c362b1b12d1) Importer(815301076,1909f56bfc062723c751e8b465ee728b)  -> (artifact id: 'a63a588ee15a9dbd6e9d0b8c10ce487a') in 0.016938 seconds
  Import took 0.025617 seconds .

========================================================================
Received Import Request.
  Time since last request: 0.000188 seconds.
  path: Assets/screenshots/screen_1920x907_2021-06-21_16-46-00.png
  artifactKey: Guid(250cd5252bab58242a7fe46c6f1de3fb) Importer(815301076,1909f56bfc062723c751e8b465ee728b)
Start importing Assets/screenshots/screen_1920x907_2021-06-21_16-46-00.png using Guid(250cd5252bab58242a7fe46c6f1de3fb) Importer(815301076,1909f56bfc062723c751e8b465ee728b)  -> (artifact id: '5a3688d8793b8c5f635d556f0c68fc2c') in 0.013007 seconds
  Import took 0.021461 seconds .

========================================================================
Received Import Request.
  Time since last request: 0.000209 seconds.
  path: Assets/screenshots/screen_1920x907_2021-06-21_16-46-02.png
  artifactKey: Guid(19b66935229d8304e81b8734292bbc27) Importer(815301076,1909f56bfc062723c751e8b465ee728b)
Start importing Assets/screenshots/screen_1920x907_2021-06-21_16-46-02.png using Guid(19b66935229d8304e81b8734292bbc27) Importer(815301076,1909f56bfc062723c751e8b465ee728b)  -> (artifact id: '7ab5b8983f5f92fd5c2ed99ec87a3328') in 0.015915 seconds
  Import took 0.069750 seconds .

========================================================================
Received Import Request.
  Time since last request: 0.000064 seconds.
  path: Assets/screenshots/screen_1920x907_2021-06-21_16-46-06.png
  artifactKey: Guid(0298a2553bd404641add71983896cd4e) Importer(815301076,1909f56bfc062723c751e8b465ee728b)
Start importing Assets/screenshots/screen_1920x907_2021-06-21_16-46-06.png using Guid(0298a2553bd404641add71983896cd4e) Importer(815301076,1909f56bfc062723c751e8b465ee728b)  -> (artifact id: '594e220eb15765c76f43b9e8f78f0090') in 0.017968 seconds
  Import took 0.025925 seconds .

========================================================================
Received Import Request.
  Time since last request: 0.000204 seconds.
  path: Assets/screenshots/screen_300x200_2021-06-21_16-42-53.png
  artifactKey: Guid(7a601d2f4e160c54ca0564bb1e8f3111) Importer(815301076,1909f56bfc062723c751e8b465ee728b)
Start importing Assets/screenshots/screen_300x200_2021-06-21_16-42-53.png using Guid(7a601d2f4e160c54ca0564bb1e8f3111) Importer(815301076,1909f56bfc062723c751e8b465ee728b)  -> (artifact id: 'd74138dded5ff0a52b2f5412421616c3') in 0.010535 seconds
  Import took 0.017735 seconds .

========================================================================
Received Import Request.
  Time since last request: 0.000199 seconds.
  path: Assets/screenshots/screen_300x200_2021-06-21_16-42-51.png
  artifactKey: Guid(14e9b584d7dd60f41b4344e1e64db2ce) Importer(815301076,1909f56bfc062723c751e8b465ee728b)
Start importing Assets/screenshots/screen_300x200_2021-06-21_16-42-51.png using Guid(14e9b584d7dd60f41b4344e1e64db2ce) Importer(815301076,1909f56bfc062723c751e8b465ee728b)  -> (artifact id: '8b9885030f10bf25fd1afe454f78ff66') in 0.009738 seconds
  Import took 0.215033 seconds .

========================================================================
Received Import Request.
  Time since last request: 0.000750 seconds.
  path: Assets/screenshots/screen_1920x907_2021-06-21_16-45-39.png
  artifactKey: Guid(83fd3e1b78b63db4598c9d197412d091) Importer(815301076,1909f56bfc062723c751e8b465ee728b)
Start importing Assets/screenshots/screen_1920x907_2021-06-21_16-45-39.png using Guid(83fd3e1b78b63db4598c9d197412d091) Importer(815301076,1909f56bfc062723c751e8b465ee728b)  -> (artifact id: 'f2e40af0abe2baf6ce237eae4583fbd1') in 0.034795 seconds
  Import took 0.052635 seconds .

========================================================================
Received Import Request.
  Time since last request: 0.000228 seconds.
  path: Assets/screenshots/screen_1920x907_2021-06-21_16-46-08.png
  artifactKey: Guid(faf47c293f35c944ea61acc8ef7c4162) Importer(815301076,1909f56bfc062723c751e8b465ee728b)
Start importing Assets/screenshots/screen_1920x907_2021-06-21_16-46-08.png using Guid(faf47c293f35c944ea61acc8ef7c4162) Importer(815301076,1909f56bfc062723c751e8b465ee728b)  -> (artifact id: '6dd62080e5be36a2dd2b9c819669bc25') in 0.019947 seconds
  Import took 0.027690 seconds .

========================================================================
Received Import Request.
  Time since last request: 0.000997 seconds.
  path: Assets/screenshots/screen_1920x907_2021-06-21_16-45-45.png
  artifactKey: Guid(14b5069ded5df2841b7b13cc4752edfd) Importer(815301076,1909f56bfc062723c751e8b465ee728b)
Start importing Assets/screenshots/screen_1920x907_2021-06-21_16-45-45.png using Guid(14b5069ded5df2841b7b13cc4752edfd) Importer(815301076,1909f56bfc062723c751e8b465ee728b)  -> (artifact id: '755d612bca895248d51e414dd80004ae') in 0.014256 seconds
  Import took 0.021247 seconds .

========================================================================
Received Import Request.
  Time since last request: 0.000192 seconds.
  path: Assets/screenshots/screen_1920x907_2021-06-21_16-46-09.png
  artifactKey: Guid(c981d1ced7ba7ec4eb96813f502aed5b) Importer(815301076,1909f56bfc062723c751e8b465ee728b)
Start importing Assets/screenshots/screen_1920x907_2021-06-21_16-46-09.png using Guid(c981d1ced7ba7ec4eb96813f502aed5b) Importer(815301076,1909f56bfc062723c751e8b465ee728b)  -> (artifact id: 'c092ff5af9ec98e9d121a49c4d7fb677') in 0.016208 seconds
  Import took 0.026205 seconds .

========================================================================
Received Prepare
Registering precompiled user dll's ...
Registered in 0.001472 seconds.
Begin MonoManager ReloadAssembly
Native extension for WindowsStandalone target not found
Refreshing native plugins compatible for Editor in 0.90 ms, found 0 plugins.
Preloading 0 native plugins for Editor in 0.00 ms.
Warning: Annotation not found!
UnityEngine.StackTraceUtility:ExtractStackTrace ()
UnityEditor.ProBuilder.EditorUtility:SetGizmoIconEnabled (System.Type,bool) (at Library/PackageCache/com.unity.probuilder@5.0.3/Editor/EditorCore/EditorUtility.cs:575)
UnityEditor.ProBuilder.HierarchyListener:.cctor () (at Library/PackageCache/com.unity.probuilder@5.0.3/Editor/EditorCore/HierarchyListener.cs:21)
System.Runtime.CompilerServices.RuntimeHelpers:RunClassConstructor (System.RuntimeTypeHandle)
UnityEditor.EditorAssemblies:ProcessInitializeOnLoadAttributes (System.Type[])

[Library/PackageCache/com.unity.probuilder@5.0.3/Editor/EditorCore/EditorUtility.cs line 575]

Invoked RoslynAnalysisRunner static constructor.
RoslynAnalysisRunner will not be running.
RoslynAnalysisRunner has terminated.
Mono: successfully reloaded assembly
- Completed reload, in  1.344 seconds
Platform modules already initialized, skipping
Refreshing native plugins compatible for Editor in 0.62 ms, found 0 plugins.
Preloading 0 native plugins for Editor in 0.00 ms.
Unloading 3457 Unused Serialized files (Serialized files now loaded: 0)
System memory in use before: 166.7 MB.
System memory in use after: 166.9 MB.

Unloading 11 unused Assets to reduce memory usage. Loaded Objects now: 4210.
Total: 3.756900 ms (FindLiveObjects: 0.331000 ms CreateObjectMapping: 0.175700 ms MarkObjects: 3.162300 ms  DeleteObjects: 0.086600 ms)

========================================================================
Received Prepare
Registering precompiled user dll's ...
Registered in 0.001824 seconds.
Begin MonoManager ReloadAssembly
Native extension for WindowsStandalone target not found
Refreshing native plugins compatible for Editor in 0.71 ms, found 0 plugins.
Preloading 0 native plugins for Editor in 0.00 ms.
Warning: Annotation not found!
UnityEngine.StackTraceUtility:ExtractStackTrace ()
UnityEditor.ProBuilder.EditorUtility:SetGizmoIconEnabled (System.Type,bool) (at Library/PackageCache/com.unity.probuilder@5.0.3/Editor/EditorCore/EditorUtility.cs:575)
UnityEditor.ProBuilder.HierarchyListener:.cctor () (at Library/PackageCache/com.unity.probuilder@5.0.3/Editor/EditorCore/HierarchyListener.cs:21)
System.Runtime.CompilerServices.RuntimeHelpers:RunClassConstructor (System.RuntimeTypeHandle)
UnityEditor.EditorAssemblies:ProcessInitializeOnLoadAttributes (System.Type[])

[Library/PackageCache/com.unity.probuilder@5.0.3/Editor/EditorCore/EditorUtility.cs line 575]

Invoked RoslynAnalysisRunner static constructor.
RoslynAnalysisRunner will not be running.
RoslynAnalysisRunner has terminated.
Mono: successfully reloaded assembly
- Completed reload, in  1.380 seconds
Platform modules already initialized, skipping
Refreshing native plugins compatible for Editor in 0.61 ms, found 0 plugins.
Preloading 0 native plugins for Editor in 0.00 ms.
Unloading 3457 Unused Serialized files (Serialized files now loaded: 0)
System memory in use before: 166.8 MB.
System memory in use after: 166.9 MB.

Unloading 11 unused Assets to reduce memory usage. Loaded Objects now: 4212.
Total: 3.025000 ms (FindLiveObjects: 0.398800 ms CreateObjectMapping: 0.260300 ms MarkObjects: 2.267500 ms  DeleteObjects: 0.097100 ms)

========================================================================
Received Prepare
Registering precompiled user dll's ...
Registered in 0.001925 seconds.
Begin MonoManager ReloadAssembly
Native extension for WindowsStandalone target not found
Refreshing native plugins compatible for Editor in 0.64 ms, found 0 plugins.
Preloading 0 native plugins for Editor in 0.00 ms.
Warning: Annotation not found!
UnityEngine.StackTraceUtility:ExtractStackTrace ()
UnityEditor.ProBuilder.EditorUtility:SetGizmoIconEnabled (System.Type,bool) (at Library/PackageCache/com.unity.probuilder@5.0.3/Editor/EditorCore/EditorUtility.cs:575)
UnityEditor.ProBuilder.HierarchyListener:.cctor () (at Library/PackageCache/com.unity.probuilder@5.0.3/Editor/EditorCore/HierarchyListener.cs:21)
System.Runtime.CompilerServices.RuntimeHelpers:RunClassConstructor (System.RuntimeTypeHandle)
UnityEditor.EditorAssemblies:ProcessInitializeOnLoadAttributes (System.Type[])

[Library/PackageCache/com.unity.probuilder@5.0.3/Editor/EditorCore/EditorUtility.cs line 575]

Invoked RoslynAnalysisRunner static constructor.
RoslynAnalysisRunner will not be running.
RoslynAnalysisRunner has terminated.
Mono: successfully reloaded assembly
- Completed reload, in  2.265 seconds
Platform modules already initialized, skipping
Refreshing native plugins compatible for Editor in 0.61 ms, found 0 plugins.
Preloading 0 native plugins for Editor in 0.00 ms.
Unloading 3457 Unused Serialized files (Serialized files now loaded: 0)
System memory in use before: 166.7 MB.
System memory in use after: 166.9 MB.

Unloading 11 unused Assets to reduce memory usage. Loaded Objects now: 4214.
Total: 5.714200 ms (FindLiveObjects: 0.365500 ms CreateObjectMapping: 0.254600 ms MarkObjects: 4.771200 ms  DeleteObjects: 0.321500 ms)

